<?xml version="1.0" encoding="UTF-8"?>
<coverage generated="1594708688343" clover="3.2.0">
  <project timestamp="1594708688343" name="All files">
    <metrics statements="61" coveredstatements="61" conditionals="19" coveredconditionals="19" methods="20" coveredmethods="20" elements="100" coveredelements="100" complexity="0" loc="61" ncloc="61" packages="2" files="8" classes="8"/>
    <package name="fp-string-exp">
      <metrics statements="20" coveredstatements="20" conditionals="7" coveredconditionals="7" methods="3" coveredmethods="3"/>
      <file name="index.js" path="C:\Users\LX\Documents\workspace\evo\evo-utils\fp-string-exp\index.js">
        <metrics statements="20" coveredstatements="20" conditionals="7" coveredconditionals="7" methods="3" coveredmethods="3"/>
        <line num="3" count="8" type="stmt"/>
        <line num="4" count="8" type="stmt"/>
        <line num="10" count="8" type="cond" truecount="1" falsecount="0"/>
        <line num="11" count="10" type="stmt"/>
        <line num="17" count="10" type="stmt"/>
        <line num="18" count="36" type="stmt"/>
        <line num="19" count="36" type="cond" truecount="2" falsecount="0"/>
        <line num="20" count="1" type="stmt"/>
        <line num="22" count="35" type="stmt"/>
        <line num="23" count="35" type="cond" truecount="2" falsecount="0"/>
        <line num="24" count="34" type="cond" truecount="2" falsecount="0"/>
        <line num="25" count="29" type="stmt"/>
        <line num="27" count="5" type="stmt"/>
        <line num="29" count="1" type="stmt"/>
        <line num="35" count="10" type="stmt"/>
        <line num="36" count="17" type="stmt"/>
        <line num="37" count="17" type="stmt"/>
        <line num="39" count="10" type="stmt"/>
        <line num="40" count="10" type="stmt"/>
        <line num="43" count="8" type="stmt"/>
      </file>
    </package>
    <package name="fp-string-exp.base">
      <metrics statements="41" coveredstatements="41" conditionals="12" coveredconditionals="12" methods="17" coveredmethods="17"/>
      <file name="arr.js" path="C:\Users\LX\Documents\workspace\evo\evo-utils\fp-string-exp\base\arr.js">
        <metrics statements="5" coveredstatements="5" conditionals="0" coveredconditionals="0" methods="2" coveredmethods="2"/>
        <line num="2" count="2" type="stmt"/>
        <line num="3" count="2" type="stmt"/>
        <line num="5" count="9" type="stmt"/>
        <line num="6" count="14" type="stmt"/>
        <line num="8" count="2" type="stmt"/>
      </file>
      <file name="arr_safe.js" path="C:\Users\LX\Documents\workspace\evo\evo-utils\fp-string-exp\base\arr_safe.js">
        <metrics statements="4" coveredstatements="4" conditionals="4" coveredconditionals="4" methods="2" coveredmethods="2"/>
        <line num="2" count="1" type="stmt"/>
        <line num="4" count="8" type="cond" truecount="2" falsecount="0"/>
        <line num="5" count="8" type="cond" truecount="2" falsecount="0"/>
        <line num="7" count="1" type="stmt"/>
      </file>
      <file name="lang.js" path="C:\Users\LX\Documents\workspace\evo\evo-utils\fp-string-exp\base\lang.js">
        <metrics statements="5" coveredstatements="5" conditionals="0" coveredconditionals="0" methods="3" coveredmethods="3"/>
        <line num="2" count="1" type="stmt"/>
        <line num="3" count="2" type="stmt"/>
        <line num="4" count="1" type="stmt"/>
        <line num="6" count="3" type="stmt"/>
        <line num="9" count="1" type="stmt"/>
      </file>
      <file name="math.js" path="C:\Users\LX\Documents\workspace\evo\evo-utils\fp-string-exp\base\math.js">
        <metrics statements="7" coveredstatements="7" conditionals="0" coveredconditionals="0" methods="1" coveredmethods="1"/>
        <line num="2" count="2" type="stmt"/>
        <line num="3" count="2" type="stmt"/>
        <line num="4" count="2" type="stmt"/>
        <line num="6" count="4" type="stmt"/>
        <line num="7" count="2" type="stmt"/>
        <line num="8" count="2" type="stmt"/>
        <line num="10" count="2" type="stmt"/>
      </file>
      <file name="obj.js" path="C:\Users\LX\Documents\workspace\evo\evo-utils\fp-string-exp\base\obj.js">
        <metrics statements="12" coveredstatements="12" conditionals="4" coveredconditionals="4" methods="5" coveredmethods="5"/>
        <line num="2" count="2" type="stmt"/>
        <line num="3" count="2" type="stmt"/>
        <line num="4" count="2" type="stmt"/>
        <line num="5" count="2" type="stmt"/>
        <line num="7" count="3" type="stmt"/>
        <line num="8" count="13" type="stmt"/>
        <line num="9" count="32" type="cond" truecount="2" falsecount="0"/>
        <line num="10" count="32" type="cond" truecount="2" falsecount="0"/>
        <line num="11" count="13" type="stmt"/>
        <line num="16" count="3" type="stmt"/>
        <line num="18" count="3" type="stmt"/>
        <line num="20" count="2" type="stmt"/>
      </file>
      <file name="str.js" path="C:\Users\LX\Documents\workspace\evo\evo-utils\fp-string-exp\base\str.js">
        <metrics statements="4" coveredstatements="4" conditionals="0" coveredconditionals="0" methods="2" coveredmethods="2"/>
        <line num="2" count="1" type="stmt"/>
        <line num="4" count="8" type="stmt"/>
        <line num="5" count="3" type="stmt"/>
        <line num="7" count="1" type="stmt"/>
      </file>
      <file name="str_safe.js" path="C:\Users\LX\Documents\workspace\evo\evo-utils\fp-string-exp\base\str_safe.js">
        <metrics statements="4" coveredstatements="4" conditionals="4" coveredconditionals="4" methods="2" coveredmethods="2"/>
        <line num="2" count="1" type="stmt"/>
        <line num="4" count="8" type="cond" truecount="2" falsecount="0"/>
        <line num="6" count="8" type="cond" truecount="2" falsecount="0"/>
        <line num="8" count="1" type="stmt"/>
      </file>
    </package>
  </project>
</coverage>
