{"C:\\Users\\LX\\Documents\\workspace\\evo\\evo-utils\\fp-string-exp\\index.js": {"path":"C:\\Users\\LX\\Documents\\workspace\\evo\\evo-utils\\fp-string-exp\\index.js","statementMap":{"0":{"start":{"line":3,"column":13},"end":{"line":3,"column":38}},"1":{"start":{"line":4,"column":16},"end":{"line":4,"column":41}},"2":{"start":{"line":10,"column":17},"end":{"line":41,"column":1}},"3":{"start":{"line":11,"column":14},"end":{"line":11,"column":18}},"4":{"start":{"line":17,"column":22},"end":{"line":30,"column":3}},"5":{"start":{"line":18,"column":18},"end":{"line":18,"column":55}},"6":{"start":{"line":19,"column":4},"end":{"line":21,"column":5}},"7":{"start":{"line":20,"column":6},"end":{"line":20,"column":58}},"8":{"start":{"line":22,"column":38},"end":{"line":22,"column":43}},"9":{"start":{"line":23,"column":4},"end":{"line":28,"column":5}},"10":{"start":{"line":24,"column":6},"end":{"line":26,"column":7}},"11":{"start":{"line":25,"column":8},"end":{"line":25,"column":99}},"12":{"start":{"line":25,"column":56},"end":{"line":25,"column":95}},"13":{"start":{"line":27,"column":6},"end":{"line":27,"column":25}},"14":{"start":{"line":29,"column":4},"end":{"line":29,"column":69}},"15":{"start":{"line":35,"column":19},"end":{"line":38,"column":3}},"16":{"start":{"line":36,"column":16},"end":{"line":36,"column":40}},"17":{"start":{"line":37,"column":4},"end":{"line":37,"column":43}},"18":{"start":{"line":39,"column":17},"end":{"line":39,"column":34}},"19":{"start":{"line":40,"column":2},"end":{"line":40,"column":16}},"20":{"start":{"line":43,"column":0},"end":{"line":43,"column":26}}},"fnMap":{"0":{"name":"(anonymous_0)","decl":{"start":{"line":10,"column":17},"end":{"line":10,"column":18}},"loc":{"start":{"line":10,"column":46},"end":{"line":41,"column":1}},"line":10},"1":{"name":"(anonymous_1)","decl":{"start":{"line":17,"column":22},"end":{"line":17,"column":23}},"loc":{"start":{"line":17,"column":31},"end":{"line":30,"column":3}},"line":17},"2":{"name":"(anonymous_2)","decl":{"start":{"line":25,"column":51},"end":{"line":25,"column":52}},"loc":{"start":{"line":25,"column":56},"end":{"line":25,"column":95}},"line":25},"3":{"name":"(anonymous_3)","decl":{"start":{"line":35,"column":19},"end":{"line":35,"column":20}},"loc":{"start":{"line":35,"column":29},"end":{"line":38,"column":3}},"line":35}},"branchMap":{"0":{"loc":{"start":{"line":10,"column":24},"end":{"line":10,"column":41}},"type":"default-arg","locations":[{"start":{"line":10,"column":37},"end":{"line":10,"column":41}}],"line":10},"1":{"loc":{"start":{"line":19,"column":4},"end":{"line":21,"column":5}},"type":"if","locations":[{"start":{"line":19,"column":4},"end":{"line":21,"column":5}},{"start":{"line":19,"column":4},"end":{"line":21,"column":5}}],"line":19},"2":{"loc":{"start":{"line":23,"column":4},"end":{"line":28,"column":5}},"type":"if","locations":[{"start":{"line":23,"column":4},"end":{"line":28,"column":5}},{"start":{"line":23,"column":4},"end":{"line":28,"column":5}}],"line":23},"3":{"loc":{"start":{"line":24,"column":6},"end":{"line":26,"column":7}},"type":"if","locations":[{"start":{"line":24,"column":6},"end":{"line":26,"column":7}},{"start":{"line":24,"column":6},"end":{"line":26,"column":7}}],"line":24}},"s":{"0":8,"1":8,"2":8,"3":10,"4":10,"5":28,"6":28,"7":1,"8":27,"9":27,"10":26,"11":21,"12":24,"13":5,"14":1,"15":10,"16":14,"17":14,"18":10,"19":10,"20":8},"f":{"0":10,"1":28,"2":24,"3":14},"b":{"0":[9],"1":[1,27],"2":[26,1],"3":[21,5]},"_coverageSchema":"1a1c01bbd47fc00a2c39e90264f33305004495a9","hash":"bf3e304f103d4c21e62d97fc1ec87f590a174ed9"}
,"C:\\Users\\LX\\Documents\\workspace\\evo\\evo-utils\\fp-string-exp\\base\\arr.js": {"path":"C:\\Users\\LX\\Documents\\workspace\\evo\\evo-utils\\fp-string-exp\\base\\arr.js","statementMap":{"0":{"start":{"line":2,"column":14},"end":{"line":2,"column":40}},"1":{"start":{"line":4,"column":13},"end":{"line":4,"column":47}},"2":{"start":{"line":4,"column":33},"end":{"line":4,"column":46}},"3":{"start":{"line":5,"column":16},"end":{"line":5,"column":36}},"4":{"start":{"line":5,"column":23},"end":{"line":5,"column":36}},"5":{"start":{"line":7,"column":0},"end":{"line":10,"column":2}}},"fnMap":{"0":{"name":"(anonymous_0)","decl":{"start":{"line":4,"column":19},"end":{"line":4,"column":20}},"loc":{"start":{"line":4,"column":33},"end":{"line":4,"column":46}},"line":4},"1":{"name":"(anonymous_1)","decl":{"start":{"line":5,"column":16},"end":{"line":5,"column":17}},"loc":{"start":{"line":5,"column":23},"end":{"line":5,"column":36}},"line":5}},"branchMap":{},"s":{"0":2,"1":2,"2":9,"3":2,"4":14,"5":2},"f":{"0":9,"1":14},"b":{},"_coverageSchema":"1a1c01bbd47fc00a2c39e90264f33305004495a9","hash":"eb73f86603a287c6066e790f1812b3ab784f3364"}
,"C:\\Users\\LX\\Documents\\workspace\\evo\\evo-utils\\fp-string-exp\\base\\arr_safe.js": {"path":"C:\\Users\\LX\\Documents\\workspace\\evo\\evo-utils\\fp-string-exp\\base\\arr_safe.js","statementMap":{"0":{"start":{"line":2,"column":14},"end":{"line":2,"column":40}},"1":{"start":{"line":4,"column":17},"end":{"line":4,"column":78}},"2":{"start":{"line":4,"column":37},"end":{"line":4,"column":77}},"3":{"start":{"line":5,"column":20},"end":{"line":5,"column":67}},"4":{"start":{"line":5,"column":27},"end":{"line":5,"column":67}},"5":{"start":{"line":7,"column":0},"end":{"line":10,"column":2}}},"fnMap":{"0":{"name":"(anonymous_0)","decl":{"start":{"line":4,"column":23},"end":{"line":4,"column":24}},"loc":{"start":{"line":4,"column":37},"end":{"line":4,"column":77}},"line":4},"1":{"name":"(anonymous_1)","decl":{"start":{"line":5,"column":20},"end":{"line":5,"column":21}},"loc":{"start":{"line":5,"column":27},"end":{"line":5,"column":67}},"line":5}},"branchMap":{"0":{"loc":{"start":{"line":4,"column":37},"end":{"line":4,"column":77}},"type":"cond-expr","locations":[{"start":{"line":4,"column":58},"end":{"line":4,"column":71}},{"start":{"line":4,"column":74},"end":{"line":4,"column":77}}],"line":4},"1":{"loc":{"start":{"line":5,"column":27},"end":{"line":5,"column":67}},"type":"cond-expr","locations":[{"start":{"line":5,"column":48},"end":{"line":5,"column":61}},{"start":{"line":5,"column":64},"end":{"line":5,"column":67}}],"line":5}},"s":{"0":1,"1":1,"2":8,"3":1,"4":8,"5":1},"f":{"0":8,"1":8},"b":{"0":[3,5],"1":[3,5]},"_coverageSchema":"1a1c01bbd47fc00a2c39e90264f33305004495a9","hash":"409ea5cc05bf8013ae84127a7bad8aa7fdfbde34"}
,"C:\\Users\\LX\\Documents\\workspace\\evo\\evo-utils\\fp-string-exp\\base\\lang.js": {"path":"C:\\Users\\LX\\Documents\\workspace\\evo\\evo-utils\\fp-string-exp\\base\\lang.js","statementMap":{"0":{"start":{"line":2,"column":18},"end":{"line":2,"column":25}},"1":{"start":{"line":2,"column":23},"end":{"line":2,"column":25}},"2":{"start":{"line":4,"column":0},"end":{"line":6,"column":2}}},"fnMap":{"0":{"name":"(anonymous_0)","decl":{"start":{"line":2,"column":18},"end":{"line":2,"column":19}},"loc":{"start":{"line":2,"column":23},"end":{"line":2,"column":25}},"line":2}},"branchMap":{},"s":{"0":1,"1":2,"2":1},"f":{"0":2},"b":{},"_coverageSchema":"1a1c01bbd47fc00a2c39e90264f33305004495a9","hash":"c378e6217bb8bdf1cceb19a74b683062a910d630"}
,"C:\\Users\\LX\\Documents\\workspace\\evo\\evo-utils\\fp-string-exp\\base\\math.js": {"path":"C:\\Users\\LX\\Documents\\workspace\\evo\\evo-utils\\fp-string-exp\\base\\math.js","statementMap":{"0":{"start":{"line":2,"column":14},"end":{"line":2,"column":40}},"1":{"start":{"line":3,"column":12},"end":{"line":3,"column":36}},"2":{"start":{"line":4,"column":19},"end":{"line":4,"column":50}},"3":{"start":{"line":6,"column":13},"end":{"line":6,"column":42}},"4":{"start":{"line":6,"column":32},"end":{"line":6,"column":41}},"5":{"start":{"line":7,"column":12},"end":{"line":7,"column":27}},"6":{"start":{"line":8,"column":13},"end":{"line":8,"column":33}},"7":{"start":{"line":10,"column":0},"end":{"line":15,"column":2}}},"fnMap":{"0":{"name":"(anonymous_0)","decl":{"start":{"line":6,"column":19},"end":{"line":6,"column":20}},"loc":{"start":{"line":6,"column":32},"end":{"line":6,"column":41}},"line":6}},"branchMap":{},"s":{"0":2,"1":2,"2":2,"3":2,"4":4,"5":2,"6":2,"7":2},"f":{"0":4},"b":{},"_coverageSchema":"1a1c01bbd47fc00a2c39e90264f33305004495a9","hash":"eac94cd831ef3b5c2f3e41cc975ebbcbc1b24381"}
,"C:\\Users\\LX\\Documents\\workspace\\evo\\evo-utils\\fp-string-exp\\base\\obj.js": {"path":"C:\\Users\\LX\\Documents\\workspace\\evo\\evo-utils\\fp-string-exp\\base\\obj.js","statementMap":{"0":{"start":{"line":3,"column":22},"end":{"line":3,"column":53}},"1":{"start":{"line":4,"column":13},"end":{"line":4,"column":38}},"2":{"start":{"line":5,"column":15},"end":{"line":5,"column":42}},"3":{"start":{"line":7,"column":14},"end":{"line":14,"column":1}},"4":{"start":{"line":7,"column":20},"end":{"line":14,"column":1}},"5":{"start":{"line":8,"column":2},"end":{"line":13,"column":5}},"6":{"start":{"line":9,"column":18},"end":{"line":9,"column":76}},"7":{"start":{"line":10,"column":4},"end":{"line":12,"column":5}},"8":{"start":{"line":11,"column":6},"end":{"line":11,"column":28}},"9":{"start":{"line":16,"column":0},"end":{"line":20,"column":2}}},"fnMap":{"0":{"name":"(anonymous_0)","decl":{"start":{"line":7,"column":14},"end":{"line":7,"column":15}},"loc":{"start":{"line":7,"column":20},"end":{"line":14,"column":1}},"line":7},"1":{"name":"(anonymous_1)","decl":{"start":{"line":7,"column":20},"end":{"line":7,"column":21}},"loc":{"start":{"line":7,"column":33},"end":{"line":14,"column":1}},"line":7},"2":{"name":"(anonymous_2)","decl":{"start":{"line":8,"column":27},"end":{"line":8,"column":28}},"loc":{"start":{"line":8,"column":36},"end":{"line":13,"column":3}},"line":8}},"branchMap":{"0":{"loc":{"start":{"line":9,"column":18},"end":{"line":9,"column":76}},"type":"cond-expr","locations":[{"start":{"line":9,"column":46},"end":{"line":9,"column":69}},{"start":{"line":9,"column":72},"end":{"line":9,"column":76}}],"line":9},"1":{"loc":{"start":{"line":10,"column":4},"end":{"line":12,"column":5}},"type":"if","locations":[{"start":{"line":10,"column":4},"end":{"line":12,"column":5}},{"start":{"line":10,"column":4},"end":{"line":12,"column":5}}],"line":10}},"s":{"0":2,"1":2,"2":2,"3":2,"4":1,"5":7,"6":14,"7":14,"8":7,"9":2},"f":{"0":1,"1":7,"2":14},"b":{"0":[7,7],"1":[7,7]},"_coverageSchema":"1a1c01bbd47fc00a2c39e90264f33305004495a9","hash":"21a6cc855ae99cead6380a16685fa6e960582905"}
,"C:\\Users\\LX\\Documents\\workspace\\evo\\evo-utils\\fp-string-exp\\base\\str.js": {"path":"C:\\Users\\LX\\Documents\\workspace\\evo\\evo-utils\\fp-string-exp\\base\\str.js","statementMap":{"0":{"start":{"line":2,"column":14},"end":{"line":2,"column":40}},"1":{"start":{"line":4,"column":14},"end":{"line":4,"column":49}},"2":{"start":{"line":4,"column":34},"end":{"line":4,"column":48}},"3":{"start":{"line":5,"column":13},"end":{"line":5,"column":47}},"4":{"start":{"line":5,"column":33},"end":{"line":5,"column":46}},"5":{"start":{"line":7,"column":0},"end":{"line":10,"column":2}}},"fnMap":{"0":{"name":"(anonymous_0)","decl":{"start":{"line":4,"column":20},"end":{"line":4,"column":21}},"loc":{"start":{"line":4,"column":34},"end":{"line":4,"column":48}},"line":4},"1":{"name":"(anonymous_1)","decl":{"start":{"line":5,"column":19},"end":{"line":5,"column":20}},"loc":{"start":{"line":5,"column":33},"end":{"line":5,"column":46}},"line":5}},"branchMap":{},"s":{"0":1,"1":1,"2":8,"3":1,"4":3,"5":1},"f":{"0":8,"1":3},"b":{},"_coverageSchema":"1a1c01bbd47fc00a2c39e90264f33305004495a9","hash":"a7b65017379f8ede5fadb5be63f83729e1dd4219"}
,"C:\\Users\\LX\\Documents\\workspace\\evo\\evo-utils\\fp-string-exp\\base\\str_safe.js": {"path":"C:\\Users\\LX\\Documents\\workspace\\evo\\evo-utils\\fp-string-exp\\base\\str_safe.js","statementMap":{"0":{"start":{"line":2,"column":14},"end":{"line":2,"column":40}},"1":{"start":{"line":4,"column":18},"end":{"line":4,"column":85}},"2":{"start":{"line":4,"column":38},"end":{"line":4,"column":84}},"3":{"start":{"line":6,"column":17},"end":{"line":6,"column":78}},"4":{"start":{"line":6,"column":37},"end":{"line":6,"column":77}},"5":{"start":{"line":8,"column":0},"end":{"line":11,"column":2}}},"fnMap":{"0":{"name":"(anonymous_0)","decl":{"start":{"line":4,"column":24},"end":{"line":4,"column":25}},"loc":{"start":{"line":4,"column":38},"end":{"line":4,"column":84}},"line":4},"1":{"name":"(anonymous_1)","decl":{"start":{"line":6,"column":23},"end":{"line":6,"column":24}},"loc":{"start":{"line":6,"column":37},"end":{"line":6,"column":77}},"line":6}},"branchMap":{"0":{"loc":{"start":{"line":4,"column":38},"end":{"line":4,"column":84}},"type":"cond-expr","locations":[{"start":{"line":4,"column":64},"end":{"line":4,"column":78}},{"start":{"line":4,"column":81},"end":{"line":4,"column":84}}],"line":4},"1":{"loc":{"start":{"line":6,"column":37},"end":{"line":6,"column":77}},"type":"cond-expr","locations":[{"start":{"line":6,"column":58},"end":{"line":6,"column":71}},{"start":{"line":6,"column":74},"end":{"line":6,"column":77}}],"line":6}},"s":{"0":1,"1":1,"2":8,"3":1,"4":8,"5":1},"f":{"0":8,"1":8},"b":{"0":[3,5],"1":[4,4]},"_coverageSchema":"1a1c01bbd47fc00a2c39e90264f33305004495a9","hash":"b726b34a8f1df5a196fcde80c45f3907dfcdace6"}
}
