{"C:\\Users\\LX\\Documents\\workspace\\evo\\evo-utils\\fp-string-exp\\index.js": {"path":"C:\\Users\\LX\\Documents\\workspace\\evo\\evo-utils\\fp-string-exp\\index.js","statementMap":{"0":{"start":{"line":3,"column":13},"end":{"line":3,"column":38}},"1":{"start":{"line":4,"column":16},"end":{"line":4,"column":41}},"2":{"start":{"line":10,"column":17},"end":{"line":41,"column":1}},"3":{"start":{"line":11,"column":14},"end":{"line":11,"column":18}},"4":{"start":{"line":17,"column":22},"end":{"line":30,"column":3}},"5":{"start":{"line":18,"column":18},"end":{"line":18,"column":55}},"6":{"start":{"line":19,"column":4},"end":{"line":21,"column":5}},"7":{"start":{"line":20,"column":6},"end":{"line":20,"column":58}},"8":{"start":{"line":22,"column":38},"end":{"line":22,"column":43}},"9":{"start":{"line":23,"column":4},"end":{"line":28,"column":5}},"10":{"start":{"line":24,"column":6},"end":{"line":26,"column":7}},"11":{"start":{"line":25,"column":8},"end":{"line":25,"column":74}},"12":{"start":{"line":27,"column":6},"end":{"line":27,"column":25}},"13":{"start":{"line":29,"column":4},"end":{"line":29,"column":69}},"14":{"start":{"line":35,"column":19},"end":{"line":38,"column":3}},"15":{"start":{"line":36,"column":16},"end":{"line":36,"column":40}},"16":{"start":{"line":37,"column":4},"end":{"line":37,"column":43}},"17":{"start":{"line":39,"column":17},"end":{"line":39,"column":34}},"18":{"start":{"line":40,"column":2},"end":{"line":40,"column":16}},"19":{"start":{"line":43,"column":0},"end":{"line":43,"column":26}}},"fnMap":{"0":{"name":"(anonymous_0)","decl":{"start":{"line":10,"column":17},"end":{"line":10,"column":18}},"loc":{"start":{"line":10,"column":46},"end":{"line":41,"column":1}},"line":10},"1":{"name":"(anonymous_1)","decl":{"start":{"line":17,"column":22},"end":{"line":17,"column":23}},"loc":{"start":{"line":17,"column":31},"end":{"line":30,"column":3}},"line":17},"2":{"name":"(anonymous_2)","decl":{"start":{"line":35,"column":19},"end":{"line":35,"column":20}},"loc":{"start":{"line":35,"column":29},"end":{"line":38,"column":3}},"line":35}},"branchMap":{"0":{"loc":{"start":{"line":10,"column":24},"end":{"line":10,"column":41}},"type":"default-arg","locations":[{"start":{"line":10,"column":37},"end":{"line":10,"column":41}}],"line":10},"1":{"loc":{"start":{"line":19,"column":4},"end":{"line":21,"column":5}},"type":"if","locations":[{"start":{"line":19,"column":4},"end":{"line":21,"column":5}},{"start":{"line":19,"column":4},"end":{"line":21,"column":5}}],"line":19},"2":{"loc":{"start":{"line":23,"column":4},"end":{"line":28,"column":5}},"type":"if","locations":[{"start":{"line":23,"column":4},"end":{"line":28,"column":5}},{"start":{"line":23,"column":4},"end":{"line":28,"column":5}}],"line":23},"3":{"loc":{"start":{"line":24,"column":6},"end":{"line":26,"column":7}},"type":"if","locations":[{"start":{"line":24,"column":6},"end":{"line":26,"column":7}},{"start":{"line":24,"column":6},"end":{"line":26,"column":7}}],"line":24}},"s":{"0":8,"1":8,"2":8,"3":10,"4":10,"5":36,"6":36,"7":1,"8":35,"9":35,"10":34,"11":29,"12":5,"13":1,"14":10,"15":17,"16":17,"17":10,"18":10,"19":8},"f":{"0":10,"1":36,"2":17},"b":{"0":[9],"1":[1,35],"2":[34,1],"3":[29,5]},"_coverageSchema":"1a1c01bbd47fc00a2c39e90264f33305004495a9","hash":"806ec8945da5053cb8b159cae304552cf6f3f72e"}
,"C:\\Users\\LX\\Documents\\workspace\\evo\\evo-utils\\fp-string-exp\\base\\arr.js": {"path":"C:\\Users\\LX\\Documents\\workspace\\evo\\evo-utils\\fp-string-exp\\base\\arr.js","statementMap":{"0":{"start":{"line":2,"column":14},"end":{"line":2,"column":40}},"1":{"start":{"line":3,"column":15},"end":{"line":3,"column":42}},"2":{"start":{"line":5,"column":13},"end":{"line":5,"column":47}},"3":{"start":{"line":5,"column":33},"end":{"line":5,"column":46}},"4":{"start":{"line":6,"column":16},"end":{"line":6,"column":36}},"5":{"start":{"line":6,"column":23},"end":{"line":6,"column":36}},"6":{"start":{"line":8,"column":0},"end":{"line":12,"column":2}}},"fnMap":{"0":{"name":"(anonymous_0)","decl":{"start":{"line":5,"column":19},"end":{"line":5,"column":20}},"loc":{"start":{"line":5,"column":33},"end":{"line":5,"column":46}},"line":5},"1":{"name":"(anonymous_1)","decl":{"start":{"line":6,"column":16},"end":{"line":6,"column":17}},"loc":{"start":{"line":6,"column":23},"end":{"line":6,"column":36}},"line":6}},"branchMap":{},"s":{"0":2,"1":2,"2":2,"3":9,"4":2,"5":14,"6":2},"f":{"0":9,"1":14},"b":{},"_coverageSchema":"1a1c01bbd47fc00a2c39e90264f33305004495a9","hash":"4b8480e6d285f6a1de15df1c1fb77ae5fffdc85a"}
,"C:\\Users\\LX\\Documents\\workspace\\evo\\evo-utils\\fp-string-exp\\base\\arr_safe.js": {"path":"C:\\Users\\LX\\Documents\\workspace\\evo\\evo-utils\\fp-string-exp\\base\\arr_safe.js","statementMap":{"0":{"start":{"line":2,"column":14},"end":{"line":2,"column":40}},"1":{"start":{"line":4,"column":17},"end":{"line":4,"column":78}},"2":{"start":{"line":4,"column":37},"end":{"line":4,"column":77}},"3":{"start":{"line":5,"column":20},"end":{"line":5,"column":67}},"4":{"start":{"line":5,"column":27},"end":{"line":5,"column":67}},"5":{"start":{"line":7,"column":0},"end":{"line":10,"column":2}}},"fnMap":{"0":{"name":"(anonymous_0)","decl":{"start":{"line":4,"column":23},"end":{"line":4,"column":24}},"loc":{"start":{"line":4,"column":37},"end":{"line":4,"column":77}},"line":4},"1":{"name":"(anonymous_1)","decl":{"start":{"line":5,"column":20},"end":{"line":5,"column":21}},"loc":{"start":{"line":5,"column":27},"end":{"line":5,"column":67}},"line":5}},"branchMap":{"0":{"loc":{"start":{"line":4,"column":37},"end":{"line":4,"column":77}},"type":"cond-expr","locations":[{"start":{"line":4,"column":58},"end":{"line":4,"column":71}},{"start":{"line":4,"column":74},"end":{"line":4,"column":77}}],"line":4},"1":{"loc":{"start":{"line":5,"column":27},"end":{"line":5,"column":67}},"type":"cond-expr","locations":[{"start":{"line":5,"column":48},"end":{"line":5,"column":61}},{"start":{"line":5,"column":64},"end":{"line":5,"column":67}}],"line":5}},"s":{"0":1,"1":1,"2":8,"3":1,"4":8,"5":1},"f":{"0":8,"1":8},"b":{"0":[3,5],"1":[3,5]},"_coverageSchema":"1a1c01bbd47fc00a2c39e90264f33305004495a9","hash":"409ea5cc05bf8013ae84127a7bad8aa7fdfbde34"}
,"C:\\Users\\LX\\Documents\\workspace\\evo\\evo-utils\\fp-string-exp\\base\\lang.js": {"path":"C:\\Users\\LX\\Documents\\workspace\\evo\\evo-utils\\fp-string-exp\\base\\lang.js","statementMap":{"0":{"start":{"line":2,"column":16},"end":{"line":2,"column":41}},"1":{"start":{"line":3,"column":18},"end":{"line":3,"column":25}},"2":{"start":{"line":3,"column":23},"end":{"line":3,"column":25}},"3":{"start":{"line":4,"column":14},"end":{"line":7,"column":1}},"4":{"start":{"line":4,"column":19},"end":{"line":7,"column":1}},"5":{"start":{"line":6,"column":2},"end":{"line":6,"column":25}},"6":{"start":{"line":9,"column":0},"end":{"line":13,"column":2}}},"fnMap":{"0":{"name":"(anonymous_0)","decl":{"start":{"line":3,"column":18},"end":{"line":3,"column":19}},"loc":{"start":{"line":3,"column":23},"end":{"line":3,"column":25}},"line":3},"1":{"name":"(anonymous_1)","decl":{"start":{"line":4,"column":14},"end":{"line":4,"column":15}},"loc":{"start":{"line":4,"column":19},"end":{"line":7,"column":1}},"line":4},"2":{"name":"(anonymous_2)","decl":{"start":{"line":4,"column":19},"end":{"line":4,"column":20}},"loc":{"start":{"line":4,"column":24},"end":{"line":7,"column":1}},"line":4}},"branchMap":{},"s":{"0":1,"1":1,"2":2,"3":1,"4":1,"5":3,"6":1},"f":{"0":2,"1":1,"2":3},"b":{},"_coverageSchema":"1a1c01bbd47fc00a2c39e90264f33305004495a9","hash":"4dc7ea0dea6ed4f47addfbaeefcb35bc69b20cb5"}
,"C:\\Users\\LX\\Documents\\workspace\\evo\\evo-utils\\fp-string-exp\\base\\math.js": {"path":"C:\\Users\\LX\\Documents\\workspace\\evo\\evo-utils\\fp-string-exp\\base\\math.js","statementMap":{"0":{"start":{"line":2,"column":14},"end":{"line":2,"column":40}},"1":{"start":{"line":3,"column":12},"end":{"line":3,"column":36}},"2":{"start":{"line":4,"column":19},"end":{"line":4,"column":50}},"3":{"start":{"line":6,"column":13},"end":{"line":6,"column":42}},"4":{"start":{"line":6,"column":32},"end":{"line":6,"column":41}},"5":{"start":{"line":7,"column":12},"end":{"line":7,"column":27}},"6":{"start":{"line":8,"column":13},"end":{"line":8,"column":33}},"7":{"start":{"line":10,"column":0},"end":{"line":15,"column":2}}},"fnMap":{"0":{"name":"(anonymous_0)","decl":{"start":{"line":6,"column":19},"end":{"line":6,"column":20}},"loc":{"start":{"line":6,"column":32},"end":{"line":6,"column":41}},"line":6}},"branchMap":{},"s":{"0":2,"1":2,"2":2,"3":2,"4":4,"5":2,"6":2,"7":2},"f":{"0":4},"b":{},"_coverageSchema":"1a1c01bbd47fc00a2c39e90264f33305004495a9","hash":"eac94cd831ef3b5c2f3e41cc975ebbcbc1b24381"}
,"C:\\Users\\LX\\Documents\\workspace\\evo\\evo-utils\\fp-string-exp\\base\\obj.js": {"path":"C:\\Users\\LX\\Documents\\workspace\\evo\\evo-utils\\fp-string-exp\\base\\obj.js","statementMap":{"0":{"start":{"line":2,"column":14},"end":{"line":2,"column":40}},"1":{"start":{"line":3,"column":22},"end":{"line":3,"column":53}},"2":{"start":{"line":4,"column":13},"end":{"line":4,"column":38}},"3":{"start":{"line":5,"column":15},"end":{"line":5,"column":42}},"4":{"start":{"line":7,"column":14},"end":{"line":14,"column":1}},"5":{"start":{"line":7,"column":20},"end":{"line":14,"column":1}},"6":{"start":{"line":8,"column":2},"end":{"line":13,"column":5}},"7":{"start":{"line":9,"column":18},"end":{"line":9,"column":76}},"8":{"start":{"line":10,"column":4},"end":{"line":12,"column":5}},"9":{"start":{"line":11,"column":6},"end":{"line":11,"column":28}},"10":{"start":{"line":16,"column":15},"end":{"line":16,"column":52}},"11":{"start":{"line":16,"column":36},"end":{"line":16,"column":51}},"12":{"start":{"line":18,"column":17},"end":{"line":18,"column":84}},"13":{"start":{"line":18,"column":52},"end":{"line":18,"column":83}},"14":{"start":{"line":20,"column":0},"end":{"line":26,"column":2}}},"fnMap":{"0":{"name":"(anonymous_0)","decl":{"start":{"line":7,"column":14},"end":{"line":7,"column":15}},"loc":{"start":{"line":7,"column":20},"end":{"line":14,"column":1}},"line":7},"1":{"name":"(anonymous_1)","decl":{"start":{"line":7,"column":20},"end":{"line":7,"column":21}},"loc":{"start":{"line":7,"column":33},"end":{"line":14,"column":1}},"line":7},"2":{"name":"(anonymous_2)","decl":{"start":{"line":8,"column":27},"end":{"line":8,"column":28}},"loc":{"start":{"line":8,"column":36},"end":{"line":13,"column":3}},"line":8},"3":{"name":"(anonymous_3)","decl":{"start":{"line":16,"column":21},"end":{"line":16,"column":22}},"loc":{"start":{"line":16,"column":36},"end":{"line":16,"column":51}},"line":16},"4":{"name":"(anonymous_4)","decl":{"start":{"line":18,"column":23},"end":{"line":18,"column":24}},"loc":{"start":{"line":18,"column":52},"end":{"line":18,"column":83}},"line":18}},"branchMap":{"0":{"loc":{"start":{"line":9,"column":18},"end":{"line":9,"column":76}},"type":"cond-expr","locations":[{"start":{"line":9,"column":46},"end":{"line":9,"column":69}},{"start":{"line":9,"column":72},"end":{"line":9,"column":76}}],"line":9},"1":{"loc":{"start":{"line":10,"column":4},"end":{"line":12,"column":5}},"type":"if","locations":[{"start":{"line":10,"column":4},"end":{"line":12,"column":5}},{"start":{"line":10,"column":4},"end":{"line":12,"column":5}}],"line":10}},"s":{"0":2,"1":2,"2":2,"3":2,"4":2,"5":3,"6":13,"7":32,"8":32,"9":13,"10":2,"11":3,"12":2,"13":3,"14":2},"f":{"0":3,"1":13,"2":32,"3":3,"4":3},"b":{"0":[19,13],"1":[13,19]},"_coverageSchema":"1a1c01bbd47fc00a2c39e90264f33305004495a9","hash":"e65bf4d5c4c2d3b150b35dbd0b1f05c6bdc7262b"}
,"C:\\Users\\LX\\Documents\\workspace\\evo\\evo-utils\\fp-string-exp\\base\\str.js": {"path":"C:\\Users\\LX\\Documents\\workspace\\evo\\evo-utils\\fp-string-exp\\base\\str.js","statementMap":{"0":{"start":{"line":2,"column":14},"end":{"line":2,"column":40}},"1":{"start":{"line":4,"column":14},"end":{"line":4,"column":49}},"2":{"start":{"line":4,"column":34},"end":{"line":4,"column":48}},"3":{"start":{"line":5,"column":13},"end":{"line":5,"column":47}},"4":{"start":{"line":5,"column":33},"end":{"line":5,"column":46}},"5":{"start":{"line":7,"column":0},"end":{"line":10,"column":2}}},"fnMap":{"0":{"name":"(anonymous_0)","decl":{"start":{"line":4,"column":20},"end":{"line":4,"column":21}},"loc":{"start":{"line":4,"column":34},"end":{"line":4,"column":48}},"line":4},"1":{"name":"(anonymous_1)","decl":{"start":{"line":5,"column":19},"end":{"line":5,"column":20}},"loc":{"start":{"line":5,"column":33},"end":{"line":5,"column":46}},"line":5}},"branchMap":{},"s":{"0":1,"1":1,"2":8,"3":1,"4":3,"5":1},"f":{"0":8,"1":3},"b":{},"_coverageSchema":"1a1c01bbd47fc00a2c39e90264f33305004495a9","hash":"a7b65017379f8ede5fadb5be63f83729e1dd4219"}
,"C:\\Users\\LX\\Documents\\workspace\\evo\\evo-utils\\fp-string-exp\\base\\str_safe.js": {"path":"C:\\Users\\LX\\Documents\\workspace\\evo\\evo-utils\\fp-string-exp\\base\\str_safe.js","statementMap":{"0":{"start":{"line":2,"column":14},"end":{"line":2,"column":40}},"1":{"start":{"line":4,"column":18},"end":{"line":4,"column":85}},"2":{"start":{"line":4,"column":38},"end":{"line":4,"column":84}},"3":{"start":{"line":6,"column":17},"end":{"line":6,"column":78}},"4":{"start":{"line":6,"column":37},"end":{"line":6,"column":77}},"5":{"start":{"line":8,"column":0},"end":{"line":11,"column":2}}},"fnMap":{"0":{"name":"(anonymous_0)","decl":{"start":{"line":4,"column":24},"end":{"line":4,"column":25}},"loc":{"start":{"line":4,"column":38},"end":{"line":4,"column":84}},"line":4},"1":{"name":"(anonymous_1)","decl":{"start":{"line":6,"column":23},"end":{"line":6,"column":24}},"loc":{"start":{"line":6,"column":37},"end":{"line":6,"column":77}},"line":6}},"branchMap":{"0":{"loc":{"start":{"line":4,"column":38},"end":{"line":4,"column":84}},"type":"cond-expr","locations":[{"start":{"line":4,"column":64},"end":{"line":4,"column":78}},{"start":{"line":4,"column":81},"end":{"line":4,"column":84}}],"line":4},"1":{"loc":{"start":{"line":6,"column":37},"end":{"line":6,"column":77}},"type":"cond-expr","locations":[{"start":{"line":6,"column":58},"end":{"line":6,"column":71}},{"start":{"line":6,"column":74},"end":{"line":6,"column":77}}],"line":6}},"s":{"0":1,"1":1,"2":8,"3":1,"4":8,"5":1},"f":{"0":8,"1":8},"b":{"0":[3,5],"1":[4,4]},"_coverageSchema":"1a1c01bbd47fc00a2c39e90264f33305004495a9","hash":"b726b34a8f1df5a196fcde80c45f3907dfcdace6"}
}
