TN:
SF:index.js
FN:10,(anonymous_0)
FN:17,(anonymous_1)
FN:35,(anonymous_2)
FNF:3
FNH:3
FNDA:10,(anonymous_0)
FNDA:36,(anonymous_1)
FNDA:17,(anonymous_2)
DA:3,8
DA:4,8
DA:10,8
DA:11,10
DA:17,10
DA:18,36
DA:19,36
DA:20,1
DA:22,35
DA:23,35
DA:24,34
DA:25,29
DA:27,5
DA:29,1
DA:35,10
DA:36,17
DA:37,17
DA:39,10
DA:40,10
DA:43,8
LF:20
LH:20
BRDA:10,0,0,9
BRDA:19,1,0,1
BRDA:19,1,1,35
BRDA:23,2,0,34
BRDA:23,2,1,1
BRDA:24,3,0,29
BRDA:24,3,1,5
BRF:7
BRH:7
end_of_record
TN:
SF:base\arr.js
FN:5,(anonymous_0)
FN:6,(anonymous_1)
FNF:2
FNH:2
FNDA:9,(anonymous_0)
FNDA:14,(anonymous_1)
DA:2,2
DA:3,2
DA:5,9
DA:6,14
DA:8,2
LF:5
LH:5
BRF:0
BRH:0
end_of_record
TN:
SF:base\arr_safe.js
FN:4,(anonymous_0)
FN:5,(anonymous_1)
FNF:2
FNH:2
FNDA:8,(anonymous_0)
FNDA:8,(anonymous_1)
DA:2,1
DA:4,8
DA:5,8
DA:7,1
LF:4
LH:4
BRDA:4,0,0,3
BRDA:4,0,1,5
BRDA:5,1,0,3
BRDA:5,1,1,5
BRF:4
BRH:4
end_of_record
TN:
SF:base\lang.js
FN:3,(anonymous_0)
FN:4,(anonymous_1)
FN:4,(anonymous_2)
FNF:3
FNH:3
FNDA:2,(anonymous_0)
FNDA:1,(anonymous_1)
FNDA:3,(anonymous_2)
DA:2,1
DA:3,2
DA:4,1
DA:6,3
DA:9,1
LF:5
LH:5
BRF:0
BRH:0
end_of_record
TN:
SF:base\math.js
FN:6,(anonymous_0)
FNF:1
FNH:1
FNDA:4,(anonymous_0)
DA:2,2
DA:3,2
DA:4,2
DA:6,4
DA:7,2
DA:8,2
DA:10,2
LF:7
LH:7
BRF:0
BRH:0
end_of_record
TN:
SF:base\obj.js
FN:7,(anonymous_0)
FN:7,(anonymous_1)
FN:8,(anonymous_2)
FN:16,(anonymous_3)
FN:18,(anonymous_4)
FNF:5
FNH:5
FNDA:3,(anonymous_0)
FNDA:13,(anonymous_1)
FNDA:32,(anonymous_2)
FNDA:3,(anonymous_3)
FNDA:3,(anonymous_4)
DA:2,2
DA:3,2
DA:4,2
DA:5,2
DA:7,3
DA:8,13
DA:9,32
DA:10,32
DA:11,13
DA:16,3
DA:18,3
DA:20,2
LF:12
LH:12
BRDA:9,0,0,19
BRDA:9,0,1,13
BRDA:10,1,0,13
BRDA:10,1,1,19
BRF:4
BRH:4
end_of_record
TN:
SF:base\str.js
FN:4,(anonymous_0)
FN:5,(anonymous_1)
FNF:2
FNH:2
FNDA:8,(anonymous_0)
FNDA:3,(anonymous_1)
DA:2,1
DA:4,8
DA:5,3
DA:7,1
LF:4
LH:4
BRF:0
BRH:0
end_of_record
TN:
SF:base\str_safe.js
FN:4,(anonymous_0)
FN:6,(anonymous_1)
FNF:2
FNH:2
FNDA:8,(anonymous_0)
FNDA:8,(anonymous_1)
DA:2,1
DA:4,8
DA:6,8
DA:8,1
LF:4
LH:4
BRDA:4,0,0,3
BRDA:4,0,1,5
BRDA:6,1,0,4
BRDA:6,1,1,4
BRF:4
BRH:4
end_of_record
