TN:
SF:index.js
FN:10,(anonymous_0)
FN:17,(anonymous_1)
FN:25,(anonymous_2)
FN:35,(anonymous_3)
FNF:4
FNH:4
FNDA:10,(anonymous_0)
FNDA:28,(anonymous_1)
FNDA:24,(anonymous_2)
FNDA:14,(anonymous_3)
DA:3,8
DA:4,8
DA:10,8
DA:11,10
DA:17,10
DA:18,28
DA:19,28
DA:20,1
DA:22,27
DA:23,27
DA:24,26
DA:25,24
DA:27,5
DA:29,1
DA:35,10
DA:36,14
DA:37,14
DA:39,10
DA:40,10
DA:43,8
LF:20
LH:20
BRDA:10,0,0,9
BRDA:19,1,0,1
BRDA:19,1,1,27
BRDA:23,2,0,26
BRDA:23,2,1,1
BRDA:24,3,0,21
BRDA:24,3,1,5
BRF:7
BRH:7
end_of_record
TN:
SF:base\arr.js
FN:4,(anonymous_0)
FN:5,(anonymous_1)
FNF:2
FNH:2
FNDA:9,(anonymous_0)
FNDA:14,(anonymous_1)
DA:2,2
DA:4,9
DA:5,14
DA:7,2
LF:4
LH:4
BRF:0
BRH:0
end_of_record
TN:
SF:base\arr_safe.js
FN:4,(anonymous_0)
FN:5,(anonymous_1)
FNF:2
FNH:2
FNDA:8,(anonymous_0)
FNDA:8,(anonymous_1)
DA:2,1
DA:4,8
DA:5,8
DA:7,1
LF:4
LH:4
BRDA:4,0,0,3
BRDA:4,0,1,5
BRDA:5,1,0,3
BRDA:5,1,1,5
BRF:4
BRH:4
end_of_record
TN:
SF:base\lang.js
FN:2,(anonymous_0)
FNF:1
FNH:1
FNDA:2,(anonymous_0)
DA:2,2
DA:4,1
LF:2
LH:2
BRF:0
BRH:0
end_of_record
TN:
SF:base\math.js
FN:6,(anonymous_0)
FNF:1
FNH:1
FNDA:4,(anonymous_0)
DA:2,2
DA:3,2
DA:4,2
DA:6,4
DA:7,2
DA:8,2
DA:10,2
LF:7
LH:7
BRF:0
BRH:0
end_of_record
TN:
SF:base\obj.js
FN:7,(anonymous_0)
FN:7,(anonymous_1)
FN:8,(anonymous_2)
FNF:3
FNH:3
FNDA:1,(anonymous_0)
FNDA:7,(anonymous_1)
FNDA:14,(anonymous_2)
DA:3,2
DA:4,2
DA:5,2
DA:7,2
DA:8,7
DA:9,14
DA:10,14
DA:11,7
DA:16,2
LF:9
LH:9
BRDA:9,0,0,7
BRDA:9,0,1,7
BRDA:10,1,0,7
BRDA:10,1,1,7
BRF:4
BRH:4
end_of_record
TN:
SF:base\str.js
FN:4,(anonymous_0)
FN:5,(anonymous_1)
FNF:2
FNH:2
FNDA:8,(anonymous_0)
FNDA:3,(anonymous_1)
DA:2,1
DA:4,8
DA:5,3
DA:7,1
LF:4
LH:4
BRF:0
BRH:0
end_of_record
TN:
SF:base\str_safe.js
FN:4,(anonymous_0)
FN:6,(anonymous_1)
FNF:2
FNH:2
FNDA:8,(anonymous_0)
FNDA:8,(anonymous_1)
DA:2,1
DA:4,8
DA:6,8
DA:8,1
LF:4
LH:4
BRDA:4,0,0,3
BRDA:4,0,1,5
BRDA:6,1,0,4
BRDA:6,1,1,4
BRF:4
BRH:4
end_of_record
